# JRE version: OpenJDK Runtime Environment (8.0_242-b01) (build 1.8.0_242-release-1644-b01)
# Java VM: OpenJDK 64-Bit Server VM (25.242-b01 mixed mode windows-amd64 compressed oops)
Heap:
 PSYoungGen      total 425472K, used 220635K [0x00000000e0000000, 0x0000000100000000, 0x0000000100000000)
  eden space 328704K, 50% used [0x00000000e0000000,0x00000000ea099458,0x00000000f4100000)
  from space 96768K, 58% used [0x00000000fa180000,0x00000000fd85da68,0x0000000100000000)
  to   space 97792K, 0% used [0x00000000f4100000,0x00000000f4100000,0x00000000fa080000)
 ParOldGen       total 360960K, used 148106K [0x00000000a0000000, 0x00000000b6080000, 0x00000000e0000000)
  object space 360960K, 41% used [0x00000000a0000000,0x00000000a90a2970,0x00000000b6080000)
 Metaspace       used 80593K, capacity 86602K, committed 86696K, reserved 1124352K
  class space    used 10569K, capacity 11924K, committed 11944K, reserved 1048576K
GC Heap History (10 events):
Event: 473.607 GC heap before
{Heap before GC invocations=20 (full 4):
 PSYoungGen      total 444416K, used 365540K [0x00000000e0000000, 0x0000000100000000, 0x0000000100000000)
  eden space 364544K, 100% used [0x00000000e0000000,0x00000000f6400000,0x00000000f6400000)
  from space 79872K, 1% used [0x00000000f6400000,0x00000000f64f9148,0x00000000fb200000)
  to   space 79872K, 0% used [0x00000000fb200000,0x00000000fb200000,0x0000000100000000)
 ParOldGen       total 360960K, used 148066K [0x00000000a0000000, 0x00000000b6080000, 0x00000000e0000000)
  object space 360960K, 41% used [0x00000000a0000000,0x00000000a9098970,0x00000000b6080000)
 Metaspace       used 78992K, capacity 84656K, committed 84776K, reserved 1122304K
  class space    used 10497K, capacity 11807K, committed 11816K, reserved 1048576K
Event: 473.682 GC heap after
Heap after GC invocations=20 (full 4):
 PSYoungGen      total 430080K, used 60438K [0x00000000e0000000, 0x0000000100000000, 0x0000000100000000)
  eden space 350208K, 0% used [0x00000000e0000000,0x00000000e0000000,0x00000000f5600000)
  from space 79872K, 75% used [0x00000000fb200000,0x00000000fed05aa8,0x0000000100000000)
  to   space 87040K, 0% used [0x00000000f5600000,0x00000000f5600000,0x00000000fab00000)
 ParOldGen       total 360960K, used 148074K [0x00000000a0000000, 0x00000000b6080000, 0x00000000e0000000)
  object space 360960K, 41% used [0x00000000a0000000,0x00000000a909a970,0x00000000b6080000)
 Metaspace       used 78992K, capacity 84656K, committed 84776K, reserved 1122304K
  class space    used 10497K, capacity 11807K, committed 11816K, reserved 1048576K
}
Event: 566.826 GC heap before
{Heap before GC invocations=21 (full 4):
 PSYoungGen      total 430080K, used 410646K [0x00000000e0000000, 0x0000000100000000, 0x0000000100000000)
  eden space 350208K, 100% used [0x00000000e0000000,0x00000000f5600000,0x00000000f5600000)
  from space 79872K, 75% used [0x00000000fb200000,0x00000000fed05aa8,0x0000000100000000)
  to   space 87040K, 0% used [0x00000000f5600000,0x00000000f5600000,0x00000000fab00000)
 ParOldGen       total 360960K, used 148074K [0x00000000a0000000, 0x00000000b6080000, 0x00000000e0000000)
  object space 360960K, 41% used [0x00000000a0000000,0x00000000a909a970,0x00000000b6080000)
 Metaspace       used 79368K, capacity 85102K, committed 85416K, reserved 1122304K
  class space    used 10508K, capacity 11824K, committed 11944K, reserved 1048576K
Event: 566.896 GC heap after
Heap after GC invocations=21 (full 4):
 PSYoungGen      total 410624K, used 60086K [0x00000000e0000000, 0x0000000100000000, 0x0000000100000000)
  eden space 350208K, 0% used [0x00000000e0000000,0x00000000e0000000,0x00000000f5600000)
  from space 60416K, 99% used [0x00000000f5600000,0x00000000f90ada98,0x00000000f9100000)
  to   space 92160K, 0% used [0x00000000fa600000,0x00000000fa600000,0x0000000100000000)
 ParOldGen       total 360960K, used 148082K [0x00000000a0000000, 0x00000000b6080000, 0x00000000e0000000)
  object space 360960K, 41% used [0x00000000a0000000,0x00000000a909c970,0x00000000b6080000)
 Metaspace       used 79368K, capacity 85102K, committed 85416K, reserved 1122304K
  class space    used 10508K, capacity 11824K, committed 11944K, reserved 1048576K
}
Event: 590.836 GC heap before
{Heap before GC invocations=22 (full 4):
 PSYoungGen      total 410624K, used 410294K [0x00000000e0000000, 0x0000000100000000, 0x0000000100000000)
  eden space 350208K, 100% used [0x00000000e0000000,0x00000000f5600000,0x00000000f5600000)
  from space 60416K, 99% used [0x00000000f5600000,0x00000000f90ada98,0x00000000f9100000)
  to   space 92160K, 0% used [0x00000000fa600000,0x00000000fa600000,0x0000000100000000)
 ParOldGen       total 360960K, used 148082K [0x00000000a0000000, 0x00000000b6080000, 0x00000000e0000000)
  object space 360960K, 41% used [0x00000000a0000000,0x00000000a909c970,0x00000000b6080000)
 Metaspace       used 79682K, capacity 85482K, committed 85672K, reserved 1122304K
  class space    used 10517K, capacity 11836K, committed 11944K, reserved 1048576K
Event: 590.915 GC heap after
Heap after GC invocations=22 (full 4):
 PSYoungGen      total 425984K, used 58294K [0x00000000e0000000, 0x0000000100000000, 0x0000000100000000)
  eden space 333824K, 0% used [0x00000000e0000000,0x00000000e0000000,0x00000000f4600000)
  from space 92160K, 63% used [0x00000000fa600000,0x00000000fdeeda88,0x0000000100000000)
  to   space 95232K, 0% used [0x00000000f4600000,0x00000000f4600000,0x00000000fa300000)
 ParOldGen       total 360960K, used 148090K [0x00000000a0000000, 0x00000000b6080000, 0x00000000e0000000)
  object space 360960K, 41% used [0x00000000a0000000,0x00000000a909e970,0x00000000b6080000)
 Metaspace       used 79682K, capacity 85482K, committed 85672K, reserved 1122304K
  class space    used 10517K, capacity 11836K, committed 11944K, reserved 1048576K
}
Event: 665.216 GC heap before
{Heap before GC invocations=23 (full 4):
 PSYoungGen      total 425984K, used 392118K [0x00000000e0000000, 0x0000000100000000, 0x0000000100000000)
  eden space 333824K, 100% used [0x00000000e0000000,0x00000000f4600000,0x00000000f4600000)
  from space 92160K, 63% used [0x00000000fa600000,0x00000000fdeeda88,0x0000000100000000)
  to   space 95232K, 0% used [0x00000000f4600000,0x00000000f4600000,0x00000000fa300000)
 ParOldGen       total 360960K, used 148090K [0x00000000a0000000, 0x00000000b6080000, 0x00000000e0000000)
  object space 360960K, 41% used [0x00000000a0000000,0x00000000a909e970,0x00000000b6080000)
 Metaspace       used 80149K, capacity 86088K, committed 86184K, reserved 1124352K
  class space    used 10560K, capacity 11915K, committed 11944K, reserved 1048576K
Event: 665.286 GC heap after
Heap after GC invocations=23 (full 4):
 PSYoungGen      total 391168K, used 56918K [0x00000000e0000000, 0x0000000100000000, 0x0000000100000000)
  eden space 333824K, 0% used [0x00000000e0000000,0x00000000e0000000,0x00000000f4600000)
  from space 57344K, 99% used [0x00000000f4600000,0x00000000f7d95a88,0x00000000f7e00000)
  to   space 96768K, 0% used [0x00000000fa180000,0x00000000fa180000,0x0000000100000000)
 ParOldGen       total 360960K, used 148098K [0x00000000a0000000, 0x00000000b6080000, 0x00000000e0000000)
  object space 360960K, 41% used [0x00000000a0000000,0x00000000a90a0970,0x00000000b6080000)
 Metaspace       used 80149K, capacity 86088K, committed 86184K, reserved 1124352K
  class space    used 10560K, capacity 11915K, committed 11944K, reserved 1048576K
}
Event: 757.280 GC heap before
{Heap before GC invocations=24 (full 4):
 PSYoungGen      total 391168K, used 390742K [0x00000000e0000000, 0x0000000100000000, 0x0000000100000000)
  eden space 333824K, 100% used [0x00000000e0000000,0x00000000f4600000,0x00000000f4600000)
  from space 57344K, 99% used [0x00000000f4600000,0x00000000f7d95a88,0x00000000f7e00000)
  to   space 96768K, 0% used [0x00000000fa180000,0x00000000fa180000,0x0000000100000000)
 ParOldGen       total 360960K, used 148098K [0x00000000a0000000, 0x00000000b6080000, 0x00000000e0000000)
  object space 360960K, 41% used [0x00000000a0000000,0x00000000a90a0970,0x00000000b6080000)
 Metaspace       used 80426K, capacity 86416K, committed 86696K, reserved 1124352K
  class space    used 10562K, capacity 11915K, committed 11944K, reserved 1048576K
Event: 757.366 GC heap after
Heap after GC invocations=24 (full 4):
 PSYoungGen      total 425472K, used 56182K [0x00000000e0000000, 0x0000000100000000, 0x0000000100000000)
  eden space 328704K, 0% used [0x00000000e0000000,0x00000000e0000000,0x00000000f4100000)
  from space 96768K, 58% used [0x00000000fa180000,0x00000000fd85da68,0x0000000100000000)
  to   space 97792K, 0% used [0x00000000f4100000,0x00000000f4100000,0x00000000fa080000)
 ParOldGen       total 360960K, used 148106K [0x00000000a0000000, 0x00000000b6080000, 0x00000000e0000000)
  object space 360960K, 41% used [0x00000000a0000000,0x00000000a90a2970,0x00000000b6080000)
 Metaspace       used 80426K, capacity 86416K, committed 86696K, reserved 1124352K
  class space    used 10562K, capacity 11915K, committed 11944K, reserved 1048576K
}

