# JRE version: OpenJDK Runtime Environment (8.0_242-b01) (build 1.8.0_242-release-1644-b01)
# Java VM: OpenJDK 64-Bit Server VM (25.242-b01 mixed mode windows-amd64 compressed oops)
Heap:
 PSYoungGen      total 431616K, used 178505K [0x00000000e0000000, 0x00000000ff080000, 0x0000000100000000)
  eden space 381952K, 33% used [0x00000000e0000000,0x00000000e7dd2a60,0x00000000f7500000)
  from space 49664K, 99% used [0x00000000faf00000,0x00000000fdf7fb40,0x00000000fdf80000)
  to   space 59392K, 0% used [0x00000000f7500000,0x00000000f7500000,0x00000000faf00000)
 ParOldGen       total 211456K, used 138896K [0x00000000a0000000, 0x00000000ace80000, 0x00000000e0000000)
  object space 211456K, 65% used [0x00000000a0000000,0x00000000a87a40f8,0x00000000ace80000)
 Metaspace       used 122626K, capacity 130354K, committed 130584K, reserved 1161216K
  class space    used 16106K, capacity 17865K, committed 17968K, reserved 1048576K
GC Heap History (10 events):
Event: 227.204 GC heap before
{Heap before GC invocations=30 (full 4):
 PSYoungGen      total 280064K, used 244177K [0x00000000e0000000, 0x00000000f6a00000, 0x0000000100000000)
  eden space 238080K, 100% used [0x00000000e0000000,0x00000000ee880000,0x00000000ee880000)
  from space 41984K, 14% used [0x00000000ee880000,0x00000000eee74660,0x00000000f1180000)
  to   space 41984K, 0% used [0x00000000f4100000,0x00000000f4100000,0x00000000f6a00000)
 ParOldGen       total 211456K, used 96252K [0x00000000a0000000, 0x00000000ace80000, 0x00000000e0000000)
  object space 211456K, 45% used [0x00000000a0000000,0x00000000a5dff3f8,0x00000000ace80000)
 Metaspace       used 100620K, capacity 105386K, committed 105752K, reserved 1140736K
  class space    used 13011K, capacity 14008K, committed 14128K, reserved 1048576K
Event: 227.242 GC heap after
Heap after GC invocations=30 (full 4):
 PSYoungGen      total 324608K, used 9691K [0x00000000e0000000, 0x00000000f6700000, 0x0000000100000000)
  eden space 285696K, 0% used [0x00000000e0000000,0x00000000e0000000,0x00000000f1700000)
  from space 38912K, 24% used [0x00000000f4100000,0x00000000f4a76cd8,0x00000000f6700000)
  to   space 40960K, 0% used [0x00000000f1700000,0x00000000f1700000,0x00000000f3f00000)
 ParOldGen       total 211456K, used 100089K [0x00000000a0000000, 0x00000000ace80000, 0x00000000e0000000)
  object space 211456K, 47% used [0x00000000a0000000,0x00000000a61be5c8,0x00000000ace80000)
 Metaspace       used 100620K, capacity 105386K, committed 105752K, reserved 1140736K
  class space    used 13011K, capacity 14008K, committed 14128K, reserved 1048576K
}
Event: 235.724 GC heap before
{Heap before GC invocations=31 (full 4):
 PSYoungGen      total 324608K, used 292523K [0x00000000e0000000, 0x00000000f6700000, 0x0000000100000000)
  eden space 285696K, 98% used [0x00000000e0000000,0x00000000f14341c8,0x00000000f1700000)
  from space 38912K, 24% used [0x00000000f4100000,0x00000000f4a76cd8,0x00000000f6700000)
  to   space 40960K, 0% used [0x00000000f1700000,0x00000000f1700000,0x00000000f3f00000)
 ParOldGen       total 211456K, used 100089K [0x00000000a0000000, 0x00000000ace80000, 0x00000000e0000000)
  object space 211456K, 47% used [0x00000000a0000000,0x00000000a61be5c8,0x00000000ace80000)
 Metaspace       used 101571K, capacity 106470K, committed 106648K, reserved 1142784K
  class space    used 13109K, capacity 14144K, committed 14256K, reserved 1048576K
Event: 235.802 GC heap after
Heap after GC invocations=31 (full 4):
 PSYoungGen      total 326656K, used 34300K [0x00000000e0000000, 0x00000000fa480000, 0x0000000100000000)
  eden space 285696K, 0% used [0x00000000e0000000,0x00000000e0000000,0x00000000f1700000)
  from space 40960K, 83% used [0x00000000f1700000,0x00000000f387f0e8,0x00000000f3f00000)
  to   space 45056K, 0% used [0x00000000f7880000,0x00000000f7880000,0x00000000fa480000)
 ParOldGen       total 211456K, used 105753K [0x00000000a0000000, 0x00000000ace80000, 0x00000000e0000000)
  object space 211456K, 50% used [0x00000000a0000000,0x00000000a6746618,0x00000000ace80000)
 Metaspace       used 101571K, capacity 106470K, committed 106648K, reserved 1142784K
  class space    used 13109K, capacity 14144K, committed 14256K, reserved 1048576K
}
Event: 239.819 GC heap before
{Heap before GC invocations=32 (full 4):
 PSYoungGen      total 326656K, used 319529K [0x00000000e0000000, 0x00000000fa480000, 0x0000000100000000)
  eden space 285696K, 99% used [0x00000000e0000000,0x00000000f168b460,0x00000000f1700000)
  from space 40960K, 83% used [0x00000000f1700000,0x00000000f387f0e8,0x00000000f3f00000)
  to   space 45056K, 0% used [0x00000000f7880000,0x00000000f7880000,0x00000000fa480000)
 ParOldGen       total 211456K, used 113945K [0x00000000a0000000, 0x00000000ace80000, 0x00000000e0000000)
  object space 211456K, 53% used [0x00000000a0000000,0x00000000a6f46628,0x00000000ace80000)
 Metaspace       used 102336K, capacity 107358K, committed 107544K, reserved 1142784K
  class space    used 13225K, capacity 14266K, committed 14384K, reserved 1048576K
Event: 239.858 GC heap after
Heap after GC invocations=32 (full 4):
 PSYoungGen      total 380928K, used 38785K [0x00000000e0000000, 0x00000000fac80000, 0x0000000100000000)
  eden space 335872K, 0% used [0x00000000e0000000,0x00000000e0000000,0x00000000f4800000)
  from space 45056K, 86% used [0x00000000f7880000,0x00000000f9e607f8,0x00000000fa480000)
  to   space 49664K, 0% used [0x00000000f4800000,0x00000000f4800000,0x00000000f7880000)
 ParOldGen       total 211456K, used 135545K [0x00000000a0000000, 0x00000000ace80000, 0x00000000e0000000)
  object space 211456K, 64% used [0x00000000a0000000,0x00000000a845e648,0x00000000ace80000)
 Metaspace       used 102336K, capacity 107358K, committed 107544K, reserved 1142784K
  class space    used 13225K, capacity 14266K, committed 14384K, reserved 1048576K
}
Event: 507.224 GC heap before
{Heap before GC invocations=33 (full 4):
 PSYoungGen      total 380928K, used 374657K [0x00000000e0000000, 0x00000000fac80000, 0x0000000100000000)
  eden space 335872K, 100% used [0x00000000e0000000,0x00000000f4800000,0x00000000f4800000)
  from space 45056K, 86% used [0x00000000f7880000,0x00000000f9e607f8,0x00000000fa480000)
  to   space 49664K, 0% used [0x00000000f4800000,0x00000000f4800000,0x00000000f7880000)
 ParOldGen       total 211456K, used 135547K [0x00000000a0000000, 0x00000000ace80000, 0x00000000e0000000)
  object space 211456K, 64% used [0x00000000a0000000,0x00000000a845ef20,0x00000000ace80000)
 Metaspace       used 103038K, capacity 108268K, committed 108440K, reserved 1142784K
  class space    used 13324K, capacity 14404K, committed 14512K, reserved 1048576K
Event: 507.231 GC heap after
Heap after GC invocations=33 (full 4):
 PSYoungGen      total 385536K, used 3364K [0x00000000e0000000, 0x00000000fdf80000, 0x0000000100000000)
  eden space 335872K, 0% used [0x00000000e0000000,0x00000000e0000000,0x00000000f4800000)
  from space 49664K, 6% used [0x00000000f4800000,0x00000000f4b49158,0x00000000f7880000)
  to   space 49664K, 0% used [0x00000000faf00000,0x00000000faf00000,0x00000000fdf80000)
 ParOldGen       total 211456K, used 135803K [0x00000000a0000000, 0x00000000ace80000, 0x00000000e0000000)
  object space 211456K, 64% used [0x00000000a0000000,0x00000000a849ef50,0x00000000ace80000)
 Metaspace       used 103038K, capacity 108268K, committed 108440K, reserved 1142784K
  class space    used 13324K, capacity 14404K, committed 14512K, reserved 1048576K
}
Event: 521.022 GC heap before
{Heap before GC invocations=34 (full 4):
 PSYoungGen      total 385536K, used 339236K [0x00000000e0000000, 0x00000000fdf80000, 0x0000000100000000)
  eden space 335872K, 100% used [0x00000000e0000000,0x00000000f4800000,0x00000000f4800000)
  from space 49664K, 6% used [0x00000000f4800000,0x00000000f4b49158,0x00000000f7880000)
  to   space 49664K, 0% used [0x00000000faf00000,0x00000000faf00000,0x00000000fdf80000)
 ParOldGen       total 211456K, used 135803K [0x00000000a0000000, 0x00000000ace80000, 0x00000000e0000000)
  object space 211456K, 64% used [0x00000000a0000000,0x00000000a849ef50,0x00000000ace80000)
 Metaspace       used 116552K, capacity 124058K, committed 124312K, reserved 1157120K
  class space    used 15263K, capacity 16983K, committed 17072K, reserved 1048576K
Event: 521.108 GC heap after
Heap after GC invocations=34 (full 4):
 PSYoungGen      total 431616K, used 49662K [0x00000000e0000000, 0x00000000ff080000, 0x0000000100000000)
  eden space 381952K, 0% used [0x00000000e0000000,0x00000000e0000000,0x00000000f7500000)
  from space 49664K, 99% used [0x00000000faf00000,0x00000000fdf7fb40,0x00000000fdf80000)
  to   space 59392K, 0% used [0x00000000f7500000,0x00000000f7500000,0x00000000faf00000)
 ParOldGen       total 211456K, used 138896K [0x00000000a0000000, 0x00000000ace80000, 0x00000000e0000000)
  object space 211456K, 65% used [0x00000000a0000000,0x00000000a87a40f8,0x00000000ace80000)
 Metaspace       used 116552K, capacity 124058K, committed 124312K, reserved 1157120K
  class space    used 15263K, capacity 16983K, committed 17072K, reserved 1048576K
}

