# JRE version: OpenJDK Runtime Environment (8.0_242-b01) (build 1.8.0_242-release-1644-b01)
# Java VM: OpenJDK 64-Bit Server VM (25.242-b01 mixed mode windows-amd64 compressed oops)
Heap:
 PSYoungGen      total 160256K, used 25062K [0x00000000e0000000, 0x00000000edf00000, 0x0000000100000000)
  eden space 141824K, 17% used [0x00000000e0000000,0x00000000e1879b38,0x00000000e8a80000)
  from space 18432K, 0% used [0x00000000e8a80000,0x00000000e8a80000,0x00000000e9c80000)
  to   space 23552K, 0% used [0x00000000ec800000,0x00000000ec800000,0x00000000edf00000)
 ParOldGen       total 208384K, used 41631K [0x00000000a0000000, 0x00000000acb80000, 0x00000000e0000000)
  object space 208384K, 19% used [0x00000000a0000000,0x00000000a28a7de0,0x00000000acb80000)
 Metaspace       used 57661K, capacity 59821K, committed 59944K, reserved 1101824K
  class space    used 7861K, capacity 8398K, committed 8488K, reserved 1048576K
GC Heap History (10 events):
Event: 12.104 GC heap before
{Heap before GC invocations=10 (full 2):
 PSYoungGen      total 127488K, used 10694K [0x00000000e0000000, 0x00000000e8e00000, 0x0000000100000000)
  eden space 113664K, 0% used [0x00000000e0000000,0x00000000e0000000,0x00000000e6f00000)
  from space 13824K, 77% used [0x00000000e7c80000,0x00000000e86f18f8,0x00000000e8a00000)
  to   space 13824K, 0% used [0x00000000e6f00000,0x00000000e6f00000,0x00000000e7c80000)
 ParOldGen       total 91136K, used 10971K [0x00000000a0000000, 0x00000000a5900000, 0x00000000e0000000)
  object space 91136K, 12% used [0x00000000a0000000,0x00000000a0ab6d78,0x00000000a5900000)
 Metaspace       used 34475K, capacity 35432K, committed 35496K, reserved 1079296K
  class space    used 4725K, capacity 5012K, committed 5032K, reserved 1048576K
Event: 12.205 GC heap after
Heap after GC invocations=10 (full 2):
 PSYoungGen      total 127488K, used 0K [0x00000000e0000000, 0x00000000e8e00000, 0x0000000100000000)
  eden space 113664K, 0% used [0x00000000e0000000,0x00000000e0000000,0x00000000e6f00000)
  from space 13824K, 0% used [0x00000000e7c80000,0x00000000e7c80000,0x00000000e8a00000)
  to   space 13824K, 0% used [0x00000000e6f00000,0x00000000e6f00000,0x00000000e7c80000)
 ParOldGen       total 137216K, used 17584K [0x00000000a0000000, 0x00000000a8600000, 0x00000000e0000000)
  object space 137216K, 12% used [0x00000000a0000000,0x00000000a112c068,0x00000000a8600000)
 Metaspace       used 34471K, capacity 35420K, committed 35496K, reserved 1079296K
  class space    used 4724K, capacity 5010K, committed 5032K, reserved 1048576K
}
Event: 15.741 GC heap before
{Heap before GC invocations=11 (full 2):
 PSYoungGen      total 127488K, used 113664K [0x00000000e0000000, 0x00000000e8e00000, 0x0000000100000000)
  eden space 113664K, 100% used [0x00000000e0000000,0x00000000e6f00000,0x00000000e6f00000)
  from space 13824K, 0% used [0x00000000e7c80000,0x00000000e7c80000,0x00000000e8a00000)
  to   space 13824K, 0% used [0x00000000e6f00000,0x00000000e6f00000,0x00000000e7c80000)
 ParOldGen       total 137216K, used 17584K [0x00000000a0000000, 0x00000000a8600000, 0x00000000e0000000)
  object space 137216K, 12% used [0x00000000a0000000,0x00000000a112c068,0x00000000a8600000)
 Metaspace       used 45661K, capacity 46806K, committed 47144K, reserved 1089536K
  class space    used 6097K, capacity 6392K, committed 6440K, reserved 1048576K
Event: 15.757 GC heap after
Heap after GC invocations=11 (full 2):
 PSYoungGen      total 127488K, used 13809K [0x00000000e0000000, 0x00000000eac00000, 0x0000000100000000)
  eden space 113664K, 0% used [0x00000000e0000000,0x00000000e0000000,0x00000000e6f00000)
  from space 13824K, 99% used [0x00000000e6f00000,0x00000000e7c7c730,0x00000000e7c80000)
  to   space 15872K, 0% used [0x00000000e9c80000,0x00000000e9c80000,0x00000000eac00000)
 ParOldGen       total 137216K, used 18507K [0x00000000a0000000, 0x00000000a8600000, 0x00000000e0000000)
  object space 137216K, 13% used [0x00000000a0000000,0x00000000a1212f98,0x00000000a8600000)
 Metaspace       used 45661K, capacity 46806K, committed 47144K, reserved 1089536K
  class space    used 6097K, capacity 6392K, committed 6440K, reserved 1048576K
}
Event: 19.091 GC heap before
{Heap before GC invocations=12 (full 2):
 PSYoungGen      total 127488K, used 127473K [0x00000000e0000000, 0x00000000eac00000, 0x0000000100000000)
  eden space 113664K, 100% used [0x00000000e0000000,0x00000000e6f00000,0x00000000e6f00000)
  from space 13824K, 99% used [0x00000000e6f00000,0x00000000e7c7c730,0x00000000e7c80000)
  to   space 15872K, 0% used [0x00000000e9c80000,0x00000000e9c80000,0x00000000eac00000)
 ParOldGen       total 137216K, used 18507K [0x00000000a0000000, 0x00000000a8600000, 0x00000000e0000000)
  object space 137216K, 13% used [0x00000000a0000000,0x00000000a1212f98,0x00000000a8600000)
 Metaspace       used 50898K, capacity 52566K, committed 52648K, reserved 1095680K
  class space    used 6876K, capacity 7315K, committed 7336K, reserved 1048576K
Event: 19.116 GC heap after
Heap after GC invocations=12 (full 2):
 PSYoungGen      total 157696K, used 15857K [0x00000000e0000000, 0x00000000eb000000, 0x0000000100000000)
  eden space 141824K, 0% used [0x00000000e0000000,0x00000000e0000000,0x00000000e8a80000)
  from space 15872K, 99% used [0x00000000e9c80000,0x00000000eabfc578,0x00000000eac00000)
  to   space 18432K, 0% used [0x00000000e8a80000,0x00000000e8a80000,0x00000000e9c80000)
 ParOldGen       total 137216K, used 19579K [0x00000000a0000000, 0x00000000a8600000, 0x00000000e0000000)
  object space 137216K, 14% used [0x00000000a0000000,0x00000000a131ef30,0x00000000a8600000)
 Metaspace       used 50898K, capacity 52566K, committed 52648K, reserved 1095680K
  class space    used 6876K, capacity 7315K, committed 7336K, reserved 1048576K
}
Event: 21.838 GC heap before
{Heap before GC invocations=13 (full 2):
 PSYoungGen      total 157696K, used 151052K [0x00000000e0000000, 0x00000000eb000000, 0x0000000100000000)
  eden space 141824K, 95% used [0x00000000e0000000,0x00000000e8406e18,0x00000000e8a80000)
  from space 15872K, 99% used [0x00000000e9c80000,0x00000000eabfc578,0x00000000eac00000)
  to   space 18432K, 0% used [0x00000000e8a80000,0x00000000e8a80000,0x00000000e9c80000)
 ParOldGen       total 137216K, used 19579K [0x00000000a0000000, 0x00000000a8600000, 0x00000000e0000000)
  object space 137216K, 14% used [0x00000000a0000000,0x00000000a131ef30,0x00000000a8600000)
 Metaspace       used 56995K, capacity 59065K, committed 59160K, reserved 1099776K
  class space    used 7745K, capacity 8265K, committed 8360K, reserved 1048576K
Event: 21.876 GC heap after
Heap after GC invocations=13 (full 2):
 PSYoungGen      total 160256K, used 18403K [0x00000000e0000000, 0x00000000edf00000, 0x0000000100000000)
  eden space 141824K, 0% used [0x00000000e0000000,0x00000000e0000000,0x00000000e8a80000)
  from space 18432K, 99% used [0x00000000e8a80000,0x00000000e9c78d48,0x00000000e9c80000)
  to   space 23552K, 0% used [0x00000000ec800000,0x00000000ec800000,0x00000000edf00000)
 ParOldGen       total 137216K, used 27037K [0x00000000a0000000, 0x00000000a8600000, 0x00000000e0000000)
  object space 137216K, 19% used [0x00000000a0000000,0x00000000a1a67728,0x00000000a8600000)
 Metaspace       used 56995K, capacity 59065K, committed 59160K, reserved 1099776K
  class space    used 7745K, capacity 8265K, committed 8360K, reserved 1048576K
}
Event: 21.876 GC heap before
{Heap before GC invocations=14 (full 3):
 PSYoungGen      total 160256K, used 18403K [0x00000000e0000000, 0x00000000edf00000, 0x0000000100000000)
  eden space 141824K, 0% used [0x00000000e0000000,0x00000000e0000000,0x00000000e8a80000)
  from space 18432K, 99% used [0x00000000e8a80000,0x00000000e9c78d48,0x00000000e9c80000)
  to   space 23552K, 0% used [0x00000000ec800000,0x00000000ec800000,0x00000000edf00000)
 ParOldGen       total 137216K, used 27037K [0x00000000a0000000, 0x00000000a8600000, 0x00000000e0000000)
  object space 137216K, 19% used [0x00000000a0000000,0x00000000a1a67728,0x00000000a8600000)
 Metaspace       used 56995K, capacity 59065K, committed 59160K, reserved 1099776K
  class space    used 7745K, capacity 8265K, committed 8360K, reserved 1048576K
Event: 22.174 GC heap after
Heap after GC invocations=14 (full 3):
 PSYoungGen      total 160256K, used 0K [0x00000000e0000000, 0x00000000edf00000, 0x0000000100000000)
  eden space 141824K, 0% used [0x00000000e0000000,0x00000000e0000000,0x00000000e8a80000)
  from space 18432K, 0% used [0x00000000e8a80000,0x00000000e8a80000,0x00000000e9c80000)
  to   space 23552K, 0% used [0x00000000ec800000,0x00000000ec800000,0x00000000edf00000)
 ParOldGen       total 208384K, used 41631K [0x00000000a0000000, 0x00000000acb80000, 0x00000000e0000000)
  object space 208384K, 19% used [0x00000000a0000000,0x00000000a28a7de0,0x00000000acb80000)
 Metaspace       used 56995K, capacity 59065K, committed 59160K, reserved 1099776K
  class space    used 7745K, capacity 8265K, committed 8360K, reserved 1048576K
}

